"../../../Engine/Content/EditorResources/S_Actor.uasset" 0
"../../../Engine/Content/EngineResources/AICON-Red.uasset" 1
"../../../Engine/Content/EngineResources/AICON-Green.uasset" 2
"../../../Engine/Content/EngineFonts/Roboto.uasset" 3
"../../../Engine/Content/Functions/Engine_MaterialFunctions01/Shading/PowerToRoughness.uasset" 4
"../../../Engine/Content/Functions/Engine_MaterialFunctions01/Shading/ConvertFromDiffSpec.uasset" 5
"../../../Engine/Content/EngineMaterials/DefaultDiffuse.uasset" 6
"../../../Engine/Content/EngineMaterials/DefaultDeferredDecalMaterial.uasset" 7
"../../../Engine/Content/EngineMaterials/DefaultLightFunctionMaterial.uasset" 8
"../../../Engine/Content/Functions/Engine_MaterialFunctions02/Utility/BreakOutFloat2Components.uasset" 9
"../../../Engine/Content/EngineMaterials/DefaultPostProcessMaterial.uasset" 10
"../../../Engine/Content/EngineResources/DefaultTexture.uasset" 11
"../../../Engine/Content/Functions/Engine_MaterialFunctions01/Texturing/ScaleUVsByCenter.uasset" 12
"../../../Engine/Content/Functions/Engine_MaterialFunctions02/ScreenResolution.uasset" 13
"../../../Engine/Content/Functions/Engine_MaterialFunctions02/Texturing/ScreenAlignedUVs.uasset" 14
"../../../Engine/Content/EngineResources/WhiteSquareTexture.uasset" 15
"../../../Engine/Content/EngineMaterials/Widget3DPassThrough.uasset" 16
"../../../Engine/Content/EngineMaterials/Widget3DPassThrough_Translucent.uasset" 17
"../../../Engine/Content/EngineMaterials/Widget3DPassThrough_Translucent_OneSided.uasset" 18
"../../../Engine/Content/EngineMaterials/Widget3DPassThrough_Opaque.uasset" 19
"../../../Engine/Content/EngineMaterials/Widget3DPassThrough_Opaque_OneSided.uasset" 20
"../../../Engine/Content/EngineMaterials/Widget3DPassThrough_Masked.uasset" 21
"../../../Engine/Content/EngineMaterials/Widget3DPassThrough_Masked_OneSided.uasset" 22
"../../../Engine/Content/Maps/Templates/Thumbnails/Default.uasset" 23
"../../../Engine/Content/Maps/Templates/Thumbnails/VR-Basic.uasset" 24
"../../../Engine/Content/EditorMaterials/ParticleSystems/PSysThumbnail_NoImage.uasset" 25
"../../../Engine/Content/EditorMaterials/ParticleSystems/PSysThumbnail_OOD.uasset" 26
"../../../Engine/Content/EditorLandscapeResources/DataLayer.uasset" 27
"../../../Engine/Content/EngineDamageTypes/DmgTypeBP_Environmental.uasset" 28
"../../../Engine/Content/EngineMeshes/Sphere.uasset" 29
"../../../Engine/Content/EngineFonts/RobotoDistanceField.uasset" 30
"../../../Engine/Content/EngineMaterials/DefaultTextMaterialOpaque.uasset" 31
"../../../Engine/Content/EditorResources/S_Trigger.uasset" 32
"../../../Engine/Content/EngineResources/GradientTexture0.uasset" 33
"../../../Engine/Content/EngineResources/Black.uasset" 34
"../../../Engine/Content/EditorMaterials/MatineeGroups/MAT_Groups_Float.uasset" 35
"../../../Engine/Content/EditorMaterials/MatineeGroups/MAT_Groups_Director.uasset" 36
"../../../Engine/Content/EditorMaterials/MatineeGroups/MAT_Groups_Event.uasset" 37
"../../../Engine/Content/EditorMaterials/MatineeGroups/MAT_Groups_Anim.uasset" 38
"../../../Engine/Content/EditorMaterials/MatineeGroups/MAT_Groups_Fade.uasset" 39
"../../../Engine/Content/EditorMaterials/MatineeGroups/MAT_Groups_Move.uasset" 40
"../../../Engine/Content/EditorMaterials/MatineeGroups/MAT_Groups_Slomo.uasset" 41
"../../../Engine/Content/EditorMaterials/MatineeGroups/MAT_ColorTrack.uasset" 42
"../../../Engine/Content/EditorMaterials/MAT_Groups_Toggle.uasset" 43
"../../../Engine/Content/EditorMaterials/MatineeGroups/MAT_Groups_AudioMaster.uasset" 44
"../../../Engine/Content/EditorMaterials/MatineeGroups/MAT_Groups_Sound.uasset" 45
"../../../Engine/Content/EditorMaterials/MatineeGroups/MAT_Groups_Vector.uasset" 46
"../../../Engine/Content/EditorMaterials/MAT_Groups_Visibility.uasset" 47
"../../../Engine/Content/EngineResources/DefaultTextureCube.uasset" 48
"../../../Engine/Content/Functions/Engine_MaterialFunctions01/Opacity/CameraDepthFade.uasset" 49
"../../../Engine/Content/EngineMaterials/T_Default_Material_Grid_M.uasset" 50
"../../../Engine/Content/EngineMaterials/T_Default_Material_Grid_N.uasset" 51
"../../../Engine/Content/EngineMaterials/DefaultMaterial.uasset" 52
"../../../Engine/Content/EngineMeshes/Cylinder.uasset" 53
"../../../Engine/Content/EngineTireTypes/DefaultTireType.uasset" 54
"../../../Engine/Content/EditorMaterials/Camera/CineMat.uasset" 55
"../../../Engine/Content/EditorMaterials/Camera/MI_CineMat_Rig.uasset" 56
"../../../Engine/Content/EditorMeshes/Camera/SM_CraneRig_Base.uasset" 57
"../../../Engine/Content/EditorMeshes/Camera/SM_CraneRig_Arm.uasset" 58
"../../../Engine/Content/EditorMeshes/Camera/SM_CraneRig_Mount.uasset" 59
"../../../Engine/Content/EditorMeshes/Camera/SM_CraneRig_Body.uasset" 60
"../../../Engine/Content/EditorMeshes/Camera/SM_RailRig_Track.uasset" 61
"../../../Engine/Content/EditorMeshes/Camera/SM_RailRig_Mount.uasset" 62
"../../../Engine/Content/VREditor/LaserPointer/VR_LaserPower_01.uasset" 63
"../../../Engine/Content/VREditor/TransformGizmo/TransformGizmoMaterial.uasset" 64
"../../../Engine/Content/VREditor/TransformGizmo/TranslucentTransformGizmoMaterial.uasset" 65
"../../../Engine/Content/VREditor/TransformGizmo/TranslationHandle.uasset" 66
"../../../Engine/Content/VREditor/TransformGizmo/PlaneTranslationHandle.uasset" 67
"../../../Engine/Content/VREditor/TransformGizmo/RotationHandle.uasset" 68
"../../../Engine/Content/VREditor/TransformGizmo/StretchingHandle.uasset" 69
"../../../Engine/Content/VREditor/TransformGizmo/BoundingBoxCorner.uasset" 70
"../../../Engine/Content/VREditor/TransformGizmo/BoundingBoxEdge.uasset" 71
"../../../Engine/Content/VREditor/TransformGizmo/UniformScaleHandle.uasset" 72
"../../../Engine/Content/VREditor/FloatingText/LineMaterial.uasset" 73
"../../../Engine/Content/VREditor/FloatingText/LineSegmentCylinder.uasset" 74
"../../../Engine/Content/VREditor/FloatingText/JointSphere.uasset" 75
"../../../Engine/Content/VREditor/Fonts/VRText_RobotoLarge.uasset" 76
"../../../Engine/Content/VREditor/Fonts/VRTextMaterial.uasset" 77
"../../../Engine/Content/VREditor/Fonts/TranslucentVRTextMaterial.uasset" 78
"../../../Engine/Content/VREditor/UI/SelectionBarMesh.uasset" 79
"../../../Engine/Content/VREditor/UI/CloseButtonMesh.uasset" 80
"../../../Engine/Content/Tutorial/Basics/TutorialAssets/icon_tab_Levels_40x.uasset" 81
"../../../Engine/Content/Tutorial/Basics/TutorialAssets/CameraActor_64x.uasset" 82
"../../../Engine/Content/Tutorial/BlueprintTutorials/TutorialAssets/Blueprint_64x.uasset" 83
"../../../Engine/Content/Tutorial/Landscape/TutorialAssets/Landscape.uasset" 84
"../../../Engine/Content/EditorBlueprintResources/StandardMacros.uasset" 85
"../../../UEJam_June2016/Content/2DSideScrollerBP/Blueprints/UI/HealthBar.uasset" 86
"../../../UEJam_June2016/Content/2DSideScroller/Audio/metalClick_Cue.uasset" 87
"../../../UEJam_June2016/Content/2DSideScrollerBP/Blueprints/UI/GameOverWidget.uasset" 88
"../../../UEJam_June2016/Content/2DSideScrollerBP/Blueprints/UI/GameplayWidget.uasset" 89
"../../../UEJam_June2016/Content/2DSideScrollerBP/Blueprints/UI/GameplayHUD.uasset" 90
"../../../UEJam_June2016/Content/2DSideScrollerBP/Blueprints/2DSideScrollerGameMode.uasset" 91
"../../../UEJam_June2016/Content/2DSideScrollerBP/Blueprints/Hazards/DamageTypes/DmgTypeBP_ExplosiveDamage.uasset" 92
"../../../UEJam_June2016/Content/2DSideScroller/Data/CharacterState.uasset" 93
"../../../UEJam_June2016/Content/2dSideScroller/Textures/2DCharacter_IdleAnimAtlas.uasset" 94
"../../../UEJam_June2016/Content/2dSideScroller/Sprites/IdleFrames/IdleCycle1.uasset" 95
"../../../UEJam_June2016/Content/2dSideScroller/Sprites/IdleFrames/IdleCycle2.uasset" 96
"../../../UEJam_June2016/Content/2dSideScroller/Sprites/IdleFrames/IdleCycle3.uasset" 97
"../../../UEJam_June2016/Content/2dSideScroller/Sprites/IdleFrames/IdleCycle4.uasset" 98
"../../../UEJam_June2016/Content/2dSideScroller/Sprites/IdleFrames/IdleCycle5.uasset" 99
"../../../UEJam_June2016/Content/2dSideScroller/Sprites/IdleFrames/IdleCycle6.uasset" 100
"../../../UEJam_June2016/Content/2dSideScroller/Sprites/IdleFrames/IdleCycle7.uasset" 101
"../../../UEJam_June2016/Content/2dSideScroller/Sprites/IdleFrames/IdleCycle8.uasset" 102
"../../../UEJam_June2016/Content/2DSideScroller/Sprites/IdleAnimation.uasset" 103
"../../../UEJam_June2016/Content/2dSideScroller/Textures/2DCharacter_RunAnimAtlas.uasset" 104
"../../../UEJam_June2016/Content/2dSideScroller/Sprites/RunFrames/RunCycle_1.uasset" 105
"../../../UEJam_June2016/Content/2dSideScroller/Sprites/RunFrames/RunCycle_10.uasset" 106
"../../../UEJam_June2016/Content/2dSideScroller/Sprites/RunFrames/RunCycle_11.uasset" 107
"../../../UEJam_June2016/Content/2dSideScroller/Sprites/RunFrames/RunCycle_12.uasset" 108
"../../../UEJam_June2016/Content/2dSideScroller/Sprites/RunFrames/RunCycle_13.uasset" 109
"../../../UEJam_June2016/Content/2dSideScroller/Sprites/RunFrames/RunCycle_14.uasset" 110
"../../../UEJam_June2016/Content/2dSideScroller/Sprites/RunFrames/RunCycle_15.uasset" 111
"../../../UEJam_June2016/Content/2dSideScroller/Sprites/RunFrames/RunCycle_16.uasset" 112
"../../../UEJam_June2016/Content/2dSideScroller/Sprites/RunFrames/RunCycle_2.uasset" 113
"../../../UEJam_June2016/Content/2dSideScroller/Sprites/RunFrames/RunCycle_3.uasset" 114
"../../../UEJam_June2016/Content/2dSideScroller/Sprites/RunFrames/RunCycle_4.uasset" 115
"../../../UEJam_June2016/Content/2dSideScroller/Sprites/RunFrames/RunCycle_5.uasset" 116
"../../../UEJam_June2016/Content/2dSideScroller/Sprites/RunFrames/RunCycle_6.uasset" 117
"../../../UEJam_June2016/Content/2dSideScroller/Sprites/RunFrames/RunCycle_7.uasset" 118
"../../../UEJam_June2016/Content/2dSideScroller/Sprites/RunFrames/RunCycle_8.uasset" 119
"../../../UEJam_June2016/Content/2dSideScroller/Sprites/RunFrames/RunCycle_9.uasset" 120
"../../../UEJam_June2016/Content/2DSideScroller/Sprites/RunningAnimation.uasset" 121
"../../../UEJam_June2016/Content/2DSideScrollerBP/Blueprints/2DSideScrollerCharacter.uasset" 122
"../../../UEJam_June2016/Content/2DSideScrollerBP/Blueprints/Collectables/CollectableObjectBase.uasset" 123
"../../../UEJam_June2016/Content/2DSideScrollerBP/Blueprints/Collectables/BombDisposalSutePart.uasset" 124
"../../../Engine/Content/MobileResources/HUD/AnalogHat.uasset" 125
"../../../Engine/Content/MobileResources/HUD/VirtualJoystick_Background.uasset" 126
"../../../Engine/Content/MobileResources/HUD/VirtualJoystick_Thumb.uasset" 127
"../../../Engine/Content/MobileResources/HUD/DefaultVirtualJoysticks.uasset" 128
"../../../Engine/Content/MobileResources/HUD/LeftVirtualJoystickOnly.uasset" 129
"../../../Engine/Content/MobileResources/HUD/T_Castle_ThumbstickInner.uasset" 130
"../../../Engine/Content/EditorMeshes/ColorCalibrator/T_ColorGrid.uasset" 131
"../../../UEJam_June2016/Content/StarterContent/Materials/M_ColorGrid_LowSpec.uasset" 132
"../../../Engine/Content/Tutorial/SubEditors/TutorialAssets/icon_ShowSkeletalMeshes_40x.uasset" 133
"../../../Engine/Content/Tutorial/ContentIntroCurve.uasset" 134
"../../../Engine/Plugins/2D/Paper2D/Content/PlaceholderTextures/DummySpriteTexture.uasset" 135
"../../../Engine/Plugins/2D/Paper2D/Content/DefaultSpriteMaterial.uasset" 136
"../../../Engine/Plugins/2D/Paper2D/Content/MaskedUnlitSpriteMaterial.uasset" 137
"../../../Engine/Plugins/2D/Paper2D/Content/DummySprite.uasset" 138
"../../../Engine/Plugins/2D/Paper2D/Content/DefaultPaperTerrainMaterial.uasset" 139
"../../../Engine/Content/EngineMaterials/RemoveSurfaceMaterial.uasset" 140
"../../../Engine/Content/EngineDebugMaterials/DebugMeshMaterial.uasset" 141
"../../../Engine/Content/EngineMaterials/InvalidLightmapSettings.uasset" 142
"../../../Engine/Content/EngineMaterials/M_InvalidLightmapSettings.uasset" 143
"../../../Engine/Content/EditorMaterials/GizmoMaterial.uasset" 144
"../../../Engine/Content/EngineMaterials/Good64x64TilingNoiseHighFreq.uasset" 145
"../../../Engine/Content/EngineMaterials/DefaultBokeh.uasset" 146
"../../../Engine/Content/EngineMaterials/PreintegratedSkinBRDF.uasset" 147
"../../../Engine/Content/EngineMaterials/MiniFont.uasset" 148
"../../../Engine/Content/EngineMaterials/WeightMapPlaceholderTexture.uasset" 149
"../../../Engine/Content/EngineMaterials/DefaultWhiteGrid.uasset" 150
"../../../Engine/Content/EngineMaterials/DefaultPhysicalMaterial.uasset" 151
"../../../Engine/Content/EngineFonts/RobotoTiny.uasset" 152
"../../../Engine/Content/EditorSounds/Notifications/CompileSuccess.uasset" 153
"../../../Engine/Content/EditorSounds/Notifications/CompileStart_Cue.uasset" 154
"../../../Engine/Content/EditorSounds/Notifications/CompileSuccess_Cue.uasset" 155
"../../../Engine/Content/EditorSounds/Notifications/CompileFailed.uasset" 156
"../../../Engine/Content/EditorSounds/Notifications/CompileFailed_Cue.uasset" 157
"../../../Engine/Content/MobileResources/HUD/MobileHUDDirectionPad.uasset" 158
"../../../Engine/Content/MobileResources/HUD/T_Castle_ThumbstickOutter.uasset" 159
"../../../UEJam_June2016/Content/2dSideScroller/Textures/2DBackgroundTile.uasset" 160
"../../../UEJam_June2016/Content/2dSideScroller/Materials/PrototypingSpriteMaterial.uasset" 161
"../../../UEJam_June2016/Content/2DSideScroller/Sprites/PrototypingSprite.uasset" 162
"../../../UEJam_June2016/Content/Geometry/Meshes/CubeMaterial.uasset" 163
"../../../UEJam_June2016/Content/Geometry/Meshes/1M_Cube.uasset" 164
"../../../UEJam_June2016/Content/Geometry/Meshes/1M_Cube_Chamfer.uasset" 165
"../../../UEJam_June2016/Content/Geometry/Meshes/TemplateFloor.uasset" 166
"../../../UEJam_June2016/Content/StarterContent/Materials/M_Basic_Wall.uasset" 167
"../../../UEJam_June2016/Content/StarterContent/Architecture/Pillar_50x500.uasset" 168
"../../../UEJam_June2016/Content/StarterContent/Architecture/Wall_400x300.uasset" 169
"../../../UEJam_June2016/Content/StarterContent/Architecture/Wall_400x400.uasset" 170
"../../../UEJam_June2016/Content/StarterContent/Architecture/Wall_500x500.uasset" 171
"../../../UEJam_June2016/Content/StarterContent/Architecture/Wall_Door_400x400.uasset" 172
"../../../UEJam_June2016/Content/StarterContent/Architecture/Wall_Window_400x400.uasset" 173
"../../../UEJam_June2016/Content/StarterContent/Audio/Light01_Cue.uasset" 174
"../../../UEJam_June2016/Content/StarterContent/Audio/Light02_Cue.uasset" 175
"../../../UEJam_June2016/Content/StarterContent/Audio/Explosion_Cue.uasset" 176
"../../../UEJam_June2016/Content/StarterContent/Textures/T_Burst_M.uasset" 177
"../../../UEJam_June2016/Content/StarterContent/Particles/Materials/M_Burst.uasset" 178
"../../../UEJam_June2016/Content/StarterContent/Textures/T_Explosion_SubUV.uasset" 179
"../../../UEJam_June2016/Content/StarterContent/Particles/Materials/M_explosion_subUV.uasset" 180
"../../../UEJam_June2016/Content/StarterContent/Particles/Materials/m_flare_01.uasset" 181
"../../../Engine/Content/Functions/Engine_MaterialFunctions01/Gradient/RadialGradient.uasset" 182
"../../../UEJam_June2016/Content/StarterContent/Particles/Materials/M_radial_ramp.uasset" 183
"../../../UEJam_June2016/Content/StarterContent/Textures/T_Smoke_SubUV.uasset" 184
"../../../UEJam_June2016/Content/StarterContent/Textures/T_Smoke_Tiled_D.uasset" 185
"../../../UEJam_June2016/Content/StarterContent/Particles/Materials/M_smoke_subUV.uasset" 186
"../../../UEJam_June2016/Content/StarterContent/Particles/P_Explosion.uasset" 187
"../../../UEJam_June2016/Content/StarterContent/Blueprints/Blueprint_Effect_Explosion.uasset" 188
"../../../Engine/Content/MobileResources/HUD/MobileHUDDirectionStick.uasset" 189
"../../../UEJam_June2016/Content/2DSideScroller/Textures/pixel_icons_by_oceansdream.uasset" 190
"../../../UEJam_June2016/Content/2DSideScroller/Sprites/PixelIcons/pixel_icons_by_oceansdream_Sprite_9.uasset" 191
"../../../UEJam_June2016/Content/2DSideScroller/Sprites/PixelIcons/pixel_icons_by_oceansdream_Sprite_8.uasset" 192
"../../../UEJam_June2016/Content/2DSideScroller/Sprites/PixelIcons/pixel_icons_by_oceansdream_Sprite_7.uasset" 193
"../../../UEJam_June2016/Content/2DSideScroller/Sprites/PixelIcons/pixel_icons_by_oceansdream_Sprite_6.uasset" 194
"../../../UEJam_June2016/Content/2DSideScroller/Sprites/PixelIcons/pixel_icons_by_oceansdream_Sprite_5.uasset" 195
"../../../UEJam_June2016/Content/2DSideScroller/Sprites/PixelIcons/pixel_icons_by_oceansdream_Sprite_3.uasset" 196
"../../../UEJam_June2016/Content/2DSideScroller/Sprites/PixelIcons/pixel_icons_by_oceansdream_Sprite_1.uasset" 197
"../../../Engine/Content/MobileResources/HUD/MobileHUDDirectionPad3.uasset" 198
"../../../UEJam_June2016/Content/2DSideScroller/Sprites/PixelIcons/pixel_icons_by_oceansdream_Sprite_20.uasset" 199
"../../../UEJam_June2016/Content/2DSideScroller/Sprites/PixelIcons/pixel_icons_by_oceansdream_Sprite_19.uasset" 200
"../../../UEJam_June2016/Content/2DSideScroller/Sprites/PixelIcons/pixel_icons_by_oceansdream_Sprite_18.uasset" 201
"../../../UEJam_June2016/Content/2DSideScroller/Sprites/PixelIcons/pixel_icons_by_oceansdream_Sprite_17.uasset" 202
"../../../UEJam_June2016/Content/2DSideScroller/Sprites/PixelIcons/pixel_icons_by_oceansdream_Sprite_16.uasset" 203
"../../../UEJam_June2016/Content/2DSideScroller/Sprites/PixelIcons/pixel_icons_by_oceansdream_Sprite_15.uasset" 204
"../../../UEJam_June2016/Content/2DSideScroller/Sprites/PixelIcons/pixel_icons_by_oceansdream_Sprite_14.uasset" 205
"../../../UEJam_June2016/Content/2DSideScroller/Sprites/PixelIcons/pixel_icons_by_oceansdream_Sprite_13.uasset" 206
"../../../UEJam_June2016/Content/2DSideScroller/Sprites/PixelIcons/pixel_icons_by_oceansdream_Sprite_12.uasset" 207
"../../../UEJam_June2016/Content/2DSideScroller/Sprites/PixelIcons/pixel_icons_by_oceansdream_Sprite_11.uasset" 208
"../../../UEJam_June2016/Content/2DSideScroller/Sprites/PixelIcons/pixel_icons_by_oceansdream_Sprite_10.uasset" 209
"../../../Engine/Content/EditorResources/EmptyActor.uasset" 210
"../../../Engine/Content/EditorResources/AudioIcons/S_AudioComponent_AutoActivate.uasset" 211
"../../../Engine/Content/EditorResources/LightIcons/S_LightError.uasset" 212
"../../../UEJam_June2016/Content/StarterContent/Materials/M_Basic_Floor.uasset" 213
"../../../UEJam_June2016/Content/StarterContent/Props/SM_Stairs.uasset" 214
"../../../UEJam_June2016/Content/StarterContent/Textures/T_Shelf_M.uasset" 215
"../../../UEJam_June2016/Content/StarterContent/Textures/T_Shelf_N.uasset" 216
"../../../UEJam_June2016/Content/StarterContent/Props/Materials/M_Shelf.uasset" 217
"../../../UEJam_June2016/Content/StarterContent/Props/SM_Shelf.uasset" 218
"../../../Engine/Content/Functions/Engine_MaterialFunctions02/Utility/BlendAngleCorrectedNormals.uasset" 219
"../../../UEJam_June2016/Content/StarterContent/Textures/T_Detail_Rocky_N.uasset" 220
"../../../UEJam_June2016/Content/StarterContent/Textures/T_Rock_Basalt_D.uasset" 221
"../../../UEJam_June2016/Content/StarterContent/Textures/T_RockMesh_M.uasset" 222
"../../../UEJam_June2016/Content/StarterContent/Textures/T_RockMesh_N.uasset" 223
"../../../UEJam_June2016/Content/StarterContent/Props/Materials/M_Rock.uasset" 224
"../../../UEJam_June2016/Content/StarterContent/Props/SM_Rock.uasset" 225
"../../../UEJam_June2016/Content/StarterContent/Props/Materials/M_MaterialSphere.uasset" 226
"../../../UEJam_June2016/Content/StarterContent/Props/Materials/M_MaterialSphere_Plain.uasset" 227
"../../../UEJam_June2016/Content/StarterContent/Props/SM_MatPreviewMesh_02.uasset" 228
"../../../UEJam_June2016/Content/StarterContent/Materials/M_Glass.uasset" 229
"../../../UEJam_June2016/Content/StarterContent/Textures/T_Door_M.uasset" 230
"../../../UEJam_June2016/Content/StarterContent/Textures/T_Door_N.uasset" 231
"../../../UEJam_June2016/Content/StarterContent/Props/Materials/M_Door.uasset" 232
"../../../UEJam_June2016/Content/StarterContent/Props/SM_Door.uasset" 233
"../../../UEJam_June2016/Content/StarterContent/Textures/T_Chair_M.uasset" 234
"../../../UEJam_June2016/Content/StarterContent/Textures/T_Chair_N.uasset" 235
"../../../UEJam_June2016/Content/StarterContent/Props/Materials/M_Chair.uasset" 236
"../../../UEJam_June2016/Content/StarterContent/Props/SM_Couch.uasset" 237
"../../../UEJam_June2016/Content/StarterContent/Textures/T_Bush_D.uasset" 238
"../../../UEJam_June2016/Content/StarterContent/Textures/T_Bush_N.uasset" 239
"../../../UEJam_June2016/Content/StarterContent/Props/Materials/M_Bush.uasset" 240
"../../../UEJam_June2016/Content/StarterContent/Props/SM_Bush.uasset" 241
"../../../UEJam_June2016/Content/StarterContent/Shapes/Shape_Plane.uasset" 242
"../../../UEJam_June2016/Content/StarterContent/Shapes/Shape_Pipe_90.uasset" 243
"../../../UEJam_June2016/Content/StarterContent/Shapes/Shape_Pipe_180.uasset" 244
"../../../UEJam_June2016/Content/StarterContent/Shapes/Shape_Pipe.uasset" 245
"../../../UEJam_June2016/Content/StarterContent/Shapes/Shape_NarrowCapsule.uasset" 246
"../../../UEJam_June2016/Content/StarterContent/Shapes/Shape_Cylinder.uasset" 247
"../../../UEJam_June2016/Content/StarterContent/Shapes/Shape_Cone.uasset" 248
"../../../Engine/Content/MobileResources/HUD/MobileHUDButton1_on.uasset" 249
"../../../UEJam_June2016/Content/2DSideScroller/Sprites/PixelIcons/pixel_icons_by_oceansdream_Sprite_21.uasset" 250
"../../../UEJam_June2016/Content/StarterContent/Shapes/Shape_Tube.uasset" 251
"../../../UEJam_June2016/Content/StarterContent/Shapes/Shape_TriPyramid.uasset" 252
"../../../UEJam_June2016/Content/StarterContent/Shapes/Shape_Trim_90_Out.uasset" 253
"../../../UEJam_June2016/Content/StarterContent/Shapes/Shape_Trim_90_In.uasset" 254
"../../../UEJam_June2016/Content/StarterContent/Shapes/Shape_Trim.uasset" 255
"../../../UEJam_June2016/Content/StarterContent/Shapes/Shape_Torus.uasset" 256
"../../../Engine/Content/MobileResources/HUD/MobileHUDDirectionPad2.uasset" 257
"../../../UEJam_June2016/Content/2DSideScroller/Textures/Virgate-Barrels.uasset" 258
"../../../UEJam_June2016/Content/2DSideScroller/Sprites/VirgateBarrels/Virgate-Barrels_Flamable.uasset" 259
"../../../UEJam_June2016/Content/2DSideScroller/Sprites/VirgateBarrels/Virgate-Barrels_Purple.uasset" 260
"../../../UEJam_June2016/Content/2DSideScroller/Sprites/VirgateBarrels/Virgate-Barrels_Green.uasset" 261
"../../../UEJam_June2016/Content/2DSideScroller/Sprites/VirgateBarrels/Virgate-Barrels_Grey.uasset" 262
"../../../UEJam_June2016/Content/2DSideScroller/Sprites/PixelIcons/pixel_icons_by_oceansdream_Sprite_38.uasset" 263
"../../../UEJam_June2016/Content/2DSideScroller/Sprites/PixelIcons/pixel_icons_by_oceansdream_Sprite_37.uasset" 264
"../../../Engine/Plugins/2D/Paper2D/Content/TranslucentUnlitSpriteMaterial.uasset" 265
"../../../UEJam_June2016/Content/2DSideScroller/Sprites/PixelIcons/pixel_icons_by_oceansdream_Sprite_36.uasset" 266
"../../../UEJam_June2016/Content/2DSideScroller/Sprites/PixelIcons/pixel_icons_by_oceansdream_Sprite_35.uasset" 267
"../../../UEJam_June2016/Content/2DSideScroller/Sprites/PixelIcons/pixel_icons_by_oceansdream_Sprite_34.uasset" 268
"../../../UEJam_June2016/Content/2DSideScroller/Sprites/PixelIcons/pixel_icons_by_oceansdream_Sprite_33.uasset" 269
"../../../UEJam_June2016/Content/2DSideScroller/Sprites/PixelIcons/pixel_icons_by_oceansdream_Sprite_32.uasset" 270
"../../../UEJam_June2016/Content/2DSideScroller/Sprites/PixelIcons/pixel_icons_by_oceansdream_Sprite_31.uasset" 271
"../../../UEJam_June2016/Content/2DSideScroller/Sprites/PixelIcons/pixel_icons_by_oceansdream_Sprite_30.uasset" 272
"../../../UEJam_June2016/Content/2DSideScroller/Sprites/PixelIcons/pixel_icons_by_oceansdream_Sprite_29.uasset" 273
"../../../UEJam_June2016/Content/2DSideScroller/Sprites/PixelIcons/pixel_icons_by_oceansdream_Sprite_28.uasset" 274
"../../../UEJam_June2016/Content/2DSideScroller/Sprites/PixelIcons/pixel_icons_by_oceansdream_Sprite_27.uasset" 275
"../../../UEJam_June2016/Content/2DSideScroller/Sprites/PixelIcons/pixel_icons_by_oceansdream_Sprite_26.uasset" 276
"../../../UEJam_June2016/Content/2DSideScroller/Sprites/PixelIcons/pixel_icons_by_oceansdream_Sprite_25.uasset" 277
"../../../UEJam_June2016/Content/2DSideScroller/Sprites/PixelIcons/pixel_icons_by_oceansdream_Sprite_24.uasset" 278
"../../../UEJam_June2016/Content/2DSideScroller/Sprites/PixelIcons/pixel_icons_by_oceansdream_Sprite_23.uasset" 279
"../../../UEJam_June2016/Content/2DSideScroller/Sprites/PixelIcons/pixel_icons_by_oceansdream_Sprite_22.uasset" 280
"../../../Engine/Content/EditorResources/AudioIcons/S_AudioComponent.uasset" 281
"../../../Engine/Content/MobileResources/T_MobileControls_texture.uasset" 282
"../../../Engine/Content/MobileResources/HUD/MobileHUDButtonFire.uasset" 283
"../../../Engine/Content/MobileResources/T_MobileMenu2.uasset" 284
"../../../UEJam_June2016/Content/StarterContent/Shapes/Shape_Wedge_A.uasset" 285
"../../../Engine/Content/MobileResources/HUD/MobileHUDButton3.uasset" 286
"../../../Engine/Content/MobileResources/HUD/MobileHUDButton2_on.uasset" 287
"../../../Engine/Content/MobileResources/HUD/MobileHUDButton1_off.uasset" 288
"../../../UEJam_June2016/Content/StarterContent/Shapes/Shape_Wedge_B.uasset" 289
"../../../Engine/Content/MobileResources/HUD/MobileHUDButton2_off.uasset" 290
"../../../UEJam_June2016/Content/StarterContent/Shapes/Shape_WideCapsule.uasset" 291
"../../../Engine/Content/BasicShapes/Cone.uasset" 292
"../../../Engine/Content/EngineMaterials/WorldGridMaterial.uasset" 293
"../../../Engine/Content/BasicShapes/Cube.uasset" 294
"../../../Engine/Content/BasicShapes/Cylinder.uasset" 295
"../../../Engine/Content/BasicShapes/Sphere.uasset" 296
"../../../Engine/Content/EditorMaterials/PhAT_JointLimitMaterial.uasset" 297
"../../../Engine/Content/EditorMaterials/PreviewShadowIndicator.uasset" 298
"../../../Engine/Content/EditorMaterials/PreviewShadowIndicatorMaterial.uasset" 299
"../../../Engine/Content/EditorResources/BSPVertex.uasset" 300
"../../../Engine/Content/EngineDebugMaterials/HeatmapGradient.uasset" 301
"../../../Engine/Content/EngineDebugMaterials/BoneWeightMaterial.uasset" 302
"../../../Engine/Content/EngineDebugMaterials/GeomMaterial.uasset" 303
"../../../Engine/Content/EngineMaterials/EditorBrushMaterial.uasset" 304
"../../../Engine/Content/EngineMeshes/Cube.uasset" 305
"../../../Engine/Content/Tutorial/BlueprintTutorials/TutorialAssets/BlueprintInterface_64x.uasset" 306
"../../../Engine/Content/Tutorial/BlueprintTutorials/TutorialAssets/BlueprintMacroLibrary_64x.uasset" 307
"../../../Engine/Content/Tutorial/BlueprintTutorials/TutorialAssets/Tutorial_BP_Interface.uasset" 308
"../../../Engine/Content/Tutorial/Foliage/TutorialAssets/Foliage.uasset" 309
"../../../Engine/Content/Tutorial/Paper2D/TutorialAssets/Paper2DFlipbook_TutorialIcon.uasset" 310
"../../../Engine/Content/Tutorial/Paper2D/TutorialAssets/Paper2DSprite_TutorialIcon.uasset" 311
"../../../Engine/Content/Tutorial/SubEditors/TutorialAssets/icon_Editor_Preferences_General_40x.uasset" 312
"../../../Engine/Content/EditorMeshes/EditorCube.uasset" 313
"../../../Engine/Content/Tutorial/SubEditors/TutorialAssets/Tutorial_DM.uasset" 314
"../../../Engine/Content/Tutorial/SubEditors/TutorialAssets/TutorialMaterial.uasset" 315
"../../../Engine/Content/Tutorial/SubEditors/TutorialAssets/T_SmokeSubUV_8X8.uasset" 316
"../../../Engine/Content/Tutorial/SubEditors/TutorialAssets/T_soft_smoke.uasset" 317
"../../../Engine/Content/Tutorial/SubEditors/TutorialAssets/M_smoke_subUV_blackbody.uasset" 318
"../../../Engine/Content/Tutorial/SubEditors/TutorialAssets/TutorialParticleSystem.uasset" 319
"../../../UEJam_June2016/Content/StarterContent/Blueprints/Assets/FogBrightnessLUT.uasset" 320
"../../../UEJam_June2016/Content/StarterContent/Blueprints/Assets/SunlightColorLUT.uasset" 321
"../../../UEJam_June2016/Content/StarterContent/Blueprints/Assets/M_LightStage_Arrows.uasset" 322
"../../../Engine/Content/MapTemplates/Sky/DaylightAmbientCubemap.uasset" 323
"../../../UEJam_June2016/Content/StarterContent/Blueprints/Assets/M_LightStage_Skybox_Master.uasset" 324
"../../../UEJam_June2016/Content/StarterContent/Blueprints/Assets/M_LightStage_Skybox_Black.uasset" 325
"../../../UEJam_June2016/Content/StarterContent/Blueprints/Assets/M_LightStage_Skybox_HDRI.uasset" 326
"../../../Engine/Content/EditorMaterials/Thumbnails/SkySphereMaterial.uasset" 327
"../../../UEJam_June2016/Content/StarterContent/Blueprints/Assets/Skybox.uasset" 328
"../../../UEJam_June2016/Content/StarterContent/Blueprints/Assets/SM_Arrows.uasset" 329
"../../../UEJam_June2016/Content/StarterContent/Blueprints/BP_LightStudio.uasset" 330
"../../../UEJam_June2016/Content/StarterContent/Materials/M_AssetPlatform.uasset" 331
"../../../Engine/Content/EditorMeshes/ColorCalibrator/M_ChromeBall.uasset" 332
"../../../Engine/Content/EditorMeshes/ColorCalibrator/M_ClearCoat.uasset" 333
"../../../Engine/Content/EditorMeshes/ColorCalibrator/M_ClearCoatBlack.uasset" 334
"../../../Engine/Content/EditorMeshes/ColorCalibrator/M_ColorGrid.uasset" 335
"../../../Engine/Content/EditorMeshes/ColorCalibrator/M_GreyBall.uasset" 336
"../../../Engine/Content/EditorMeshes/ColorCalibrator/SM_ColorCalibrator.uasset" 337
"../../../UEJam_June2016/Content/StarterContent/Architecture/SM_AssetPlatform.uasset" 338
"../../../UEJam_June2016/Content/StarterContent/Maps/Advanced_Lighting.umap" 339
"../../../UEJam_June2016/Content/2DSideScroller/Sprites/PixelIcons/Grenade.uasset" 340
"../../../UEJam_June2016/Content/2DSideScrollerBP/Blueprints/Hazards/ExplosiveObjectBP.uasset" 341
"../../../UEJam_June2016/Content/2DSideScrollerBP/Blueprints/Hazards/GrenadeBP.uasset" 342
"../../../UEJam_June2016/Content/2DSideScroller/Data/2DMacroLib.uasset" 343
"../../../UEJam_June2016/Content/2DSideScrollerBP/Blueprints/2DVolume.uasset" 344
"../../../UEJam_June2016/Content/2DSideScrollerBP/Blueprints/Hazards/DamageVolume.uasset" 345
"../../../UEJam_June2016/Content/2DSideScrollerBP/Blueprints/Doors/DoorKey.uasset" 346
"../../../UEJam_June2016/Content/2DSideScroller/Sprites/PixelIcons/pixel_icons_by_oceansdream_Sprite_4.uasset" 347
"../../../UEJam_June2016/Content/2DSideScrollerBP/Blueprints/Doors/Door.uasset" 348
"../../../UEJam_June2016/Content/2dSideScroller/Textures/2DBackgroundBlockAtlas.uasset" 349
"../../../UEJam_June2016/Content/2DSideScroller/Sprites/Ledge.uasset" 350
"../../../UEJam_June2016/Content/2DSideScrollerBP/Blueprints/Elevator.uasset" 351
"../../../UEJam_June2016/Content/2DSideScrollerBP/Blueprints/Hazards/Spawner.uasset" 352
"../../../UEJam_June2016/Content/2DSideScrollerBP/Blueprints/Hazards/TriggerExplosion.uasset" 353
"../../../Engine/Content/MapTemplates/Bokeh_5Sides.uasset" 354
"../../../Engine/Content/MapTemplates/T_ScreenDirt02_w.uasset" 355
"../../../Engine/Plugins/2D/Paper2D/Content/OpaqueUnlitSpriteMaterial.uasset" 356
"../../../UEJam_June2016/Content/2dSideScroller/Textures/2DBackground.uasset" 357
"../../../UEJam_June2016/Content/2DSideScroller/Sprites/Background_Sprite.uasset" 358
"../../../UEJam_June2016/Content/2DSideScroller/Sprites/PixelIcons/Gun.uasset" 359
"../../../UEJam_June2016/Content/2DSideScroller/Sprites/VirgateBarrels/Virgate-Barrels_Explosive.uasset" 360
"../../../UEJam_June2016/Content/2DSideScrollerBP/Maps/2DSideScrollerExampleMap.umap" 361
"../../../UEJam_June2016/Content/2DSideScrollerBP/Blueprints/MenuGameMode.uasset" 362
"../../../UEJam_June2016/Content/2DSideScrollerBP/Blueprints/UI/Menus/WinGameMenu.uasset" 363
"../../../UEJam_June2016/Content/2DSideScrollerBP/Maps/WinMenu.umap" 364
"../../../UEJam_June2016/Content/StarterContent/Audio/Fire01_Cue.uasset" 365
"../../../UEJam_June2016/Content/StarterContent/Textures/T_Fire_SubUV.uasset" 366
"../../../UEJam_June2016/Content/StarterContent/Textures/T_Fire_Tiled_D.uasset" 367
"../../../UEJam_June2016/Content/StarterContent/Particles/Materials/M_Fire_SubUV.uasset" 368
"../../../UEJam_June2016/Content/StarterContent/Textures/T_Water_N.uasset" 369
"../../../UEJam_June2016/Content/StarterContent/Particles/Materials/M_Heat_Distortion.uasset" 370
"../../../UEJam_June2016/Content/StarterContent/Particles/Materials/M_Radial_Gradient.uasset" 371
"../../../UEJam_June2016/Content/StarterContent/Particles/P_Fire.uasset" 372
"../../../UEJam_June2016/Content/StarterContent/Blueprints/Blueprint_Effect_Fire.uasset" 373
"../../../UEJam_June2016/Content/StarterContent/Audio/Smoke01_Cue.uasset" 374
"../../../UEJam_June2016/Content/StarterContent/Particles/P_Smoke.uasset" 375
"../../../UEJam_June2016/Content/StarterContent/Blueprints/Blueprint_Effect_Smoke.uasset" 376
"../../../UEJam_June2016/Content/StarterContent/Audio/Fire_Sparks01_Cue.uasset" 377
"../../../UEJam_June2016/Content/StarterContent/Textures/T_Spark_Core.uasset" 378
"../../../UEJam_June2016/Content/StarterContent/Particles/Materials/M_Spark.uasset" 379
"../../../UEJam_June2016/Content/StarterContent/Particles/P_Sparks.uasset" 380
"../../../UEJam_June2016/Content/StarterContent/Blueprints/Blueprint_Effect_Sparks.uasset" 381
"../../../UEJam_June2016/Content/StarterContent/Audio/Steam01_Cue.uasset" 382
"../../../UEJam_June2016/Content/StarterContent/Particles/P_Steam_Lit.uasset" 383
"../../../UEJam_June2016/Content/StarterContent/Blueprints/Blueprint_Effect_Steam.uasset" 384
"../../../Engine/Content/EngineSky/C_Sky_Cloud_Color.uasset" 385
"../../../Engine/Content/EngineSky/C_Sky_Horizon_Color.uasset" 386
"../../../Engine/Content/EngineSky/C_Sky_Zenith_Color.uasset" 387
"../../../Engine/Content/EngineSky/T_Sky_Blue.uasset" 388
"../../../Engine/Content/EngineSky/T_Sky_Clouds_M.uasset" 389
"../../../Engine/Content/EngineSky/T_Sky_Stars.uasset" 390
"../../../Engine/Content/EngineSky/M_Sky_Panning_Clouds2.uasset" 391
"../../../Engine/Content/EngineSky/SM_SkySphere.uasset" 392
"../../../Engine/Content/EngineSky/BP_Sky_Sphere.uasset" 393
"../../../UEJam_June2016/Content/StarterContent/Textures/T_Lamp_M.uasset" 394
"../../../UEJam_June2016/Content/StarterContent/Textures/T_Lamp_N.uasset" 395
"../../../UEJam_June2016/Content/StarterContent/Props/Materials/M_Lamp.uasset" 396
"../../../UEJam_June2016/Content/StarterContent/Props/SM_Lamp_Ceiling.uasset" 397
"../../../UEJam_June2016/Content/StarterContent/Blueprints/Blueprint_CeilingLight.uasset" 398
"../../../UEJam_June2016/Content/StarterContent/Props/SM_Lamp_Wall.uasset" 399
"../../../UEJam_June2016/Content/StarterContent/Blueprints/Blueprint_WallSconce.uasset" 400
"../../../Engine/Content/Functions/Engine_MaterialFunctions03/Procedurals/ComputeFilterWidth.uasset" 401
"../../../Engine/Content/EngineMaterials/AntiAliasedTextMaterialTranslucent.uasset" 402
"../../../UEJam_June2016/Content/StarterContent/Textures/T_Brick_Clay_Beveled_D.uasset" 403
"../../../UEJam_June2016/Content/StarterContent/Textures/T_Brick_Clay_Beveled_M.uasset" 404
"../../../UEJam_June2016/Content/StarterContent/Textures/T_Brick_Clay_Beveled_N.uasset" 405
"../../../UEJam_June2016/Content/StarterContent/Textures/T_MacroVariation.uasset" 406
"../../../UEJam_June2016/Content/StarterContent/Materials/M_Brick_Clay_Beveled.uasset" 407
"../../../UEJam_June2016/Content/StarterContent/Textures/T_Brick_Clay_New_D.uasset" 408
"../../../UEJam_June2016/Content/StarterContent/Textures/T_Brick_Clay_New_M.uasset" 409
"../../../UEJam_June2016/Content/StarterContent/Textures/T_Brick_Clay_New_N.uasset" 410
"../../../UEJam_June2016/Content/StarterContent/Materials/M_Brick_Clay_New.uasset" 411
"../../../UEJam_June2016/Content/StarterContent/Textures/T_Brick_Clay_Old_D.uasset" 412
"../../../UEJam_June2016/Content/StarterContent/Textures/T_Brick_Clay_Old_N.uasset" 413
"../../../UEJam_June2016/Content/StarterContent/Textures/T_Perlin_Noise_M.uasset" 414
"../../../UEJam_June2016/Content/StarterContent/Materials/M_Brick_Clay_Old.uasset" 415
"../../../UEJam_June2016/Content/StarterContent/Textures/T_Brick_Cut_Stone_D.uasset" 416
"../../../UEJam_June2016/Content/StarterContent/Textures/T_Brick_Cut_Stone_N.uasset" 417
"../../../UEJam_June2016/Content/StarterContent/Materials/M_Brick_Cut_Stone.uasset" 418
"../../../UEJam_June2016/Content/StarterContent/Textures/T_Brick_Hewn_Stone_D.uasset" 419
"../../../UEJam_June2016/Content/StarterContent/Textures/T_Brick_Hewn_Stone_M.uasset" 420
"../../../UEJam_June2016/Content/StarterContent/Textures/T_Brick_Hewn_Stone_N.uasset" 421
"../../../UEJam_June2016/Content/StarterContent/Materials/M_Brick_Hewn_Stone.uasset" 422
"../../../UEJam_June2016/Content/StarterContent/Textures/T_Ceramic_Tile_M.uasset" 423
"../../../UEJam_June2016/Content/StarterContent/Textures/T_Ceramic_Tile_N.uasset" 424
"../../../UEJam_June2016/Content/StarterContent/Textures/T_Rock_Marble_Polished_D.uasset" 425
"../../../UEJam_June2016/Content/StarterContent/Materials/M_Ceramic_Tile_Checker.uasset" 426
"../../../UEJam_June2016/Content/StarterContent/Textures/T_CobbleStone_Pebble_D.uasset" 427
"../../../UEJam_June2016/Content/StarterContent/Textures/T_CobbleStone_Pebble_M.uasset" 428
"../../../UEJam_June2016/Content/StarterContent/Textures/T_CobbleStone_Pebble_N.uasset" 429
"../../../UEJam_June2016/Content/StarterContent/Materials/M_CobbleStone_Pebble.uasset" 430
"../../../UEJam_June2016/Content/StarterContent/Textures/T_CobbleStone_Rough_D.uasset" 431
"../../../UEJam_June2016/Content/StarterContent/Textures/T_CobbleStone_Rough_N.uasset" 432
"../../../UEJam_June2016/Content/StarterContent/Textures/T_Gradinet_01.uasset" 433
"../../../UEJam_June2016/Content/StarterContent/Textures/T_Rock_Smooth_Granite_D.uasset" 434
"../../../UEJam_June2016/Content/StarterContent/Materials/M_CobbleStone_Rough.uasset" 435
"../../../UEJam_June2016/Content/StarterContent/Textures/T_CobbleStone_Smooth_D.uasset" 436
"../../../UEJam_June2016/Content/StarterContent/Textures/T_CobbleStone_Smooth_M.uasset" 437
"../../../UEJam_June2016/Content/StarterContent/Textures/T_CobbleStone_Smooth_N.uasset" 438
"../../../UEJam_June2016/Content/StarterContent/Materials/M_CobbleStone_Smooth.uasset" 439
"../../../UEJam_June2016/Content/StarterContent/Textures/T_Concrete_Grime_D.uasset" 440
"../../../UEJam_June2016/Content/StarterContent/Textures/T_Metal_Rust_N.uasset" 441
"../../../UEJam_June2016/Content/StarterContent/Materials/M_Concrete_Grime.uasset" 442
"../../../UEJam_June2016/Content/StarterContent/Textures/T_Concrete_Panels_D.uasset" 443
"../../../UEJam_June2016/Content/StarterContent/Textures/T_Concrete_Panels_N.uasset" 444
"../../../UEJam_June2016/Content/StarterContent/Materials/M_Concrete_Panels.uasset" 445
"../../../UEJam_June2016/Content/StarterContent/Textures/T_Concrete_Poured_D.uasset" 446
"../../../UEJam_June2016/Content/StarterContent/Textures/T_Concrete_Poured_N.uasset" 447
"../../../UEJam_June2016/Content/StarterContent/Materials/M_Concrete_Poured.uasset" 448
"../../../UEJam_June2016/Content/StarterContent/Textures/T_Concrete_Tiles_D.uasset" 449
"../../../UEJam_June2016/Content/StarterContent/Textures/T_Concrete_Tiles_M.uasset" 450
"../../../UEJam_June2016/Content/StarterContent/Textures/T_Concrete_Tiles_N.uasset" 451
"../../../UEJam_June2016/Content/StarterContent/Textures/T_Concrete_Tiles_Variation_M.uasset" 452
"../../../UEJam_June2016/Content/StarterContent/Materials/M_Concrete_Tiles.uasset" 453
"../../../UEJam_June2016/Content/StarterContent/Textures/T_Ground_Grass_D.uasset" 454
"../../../UEJam_June2016/Content/StarterContent/Textures/T_Ground_Grass_N.uasset" 455
"../../../UEJam_June2016/Content/StarterContent/Materials/M_Ground_Grass.uasset" 456
"../../../UEJam_June2016/Content/StarterContent/Textures/T_Ground_Gravel_D.uasset" 457
"../../../UEJam_June2016/Content/StarterContent/Textures/T_Ground_Gravel_N.uasset" 458
"../../../UEJam_June2016/Content/StarterContent/Materials/M_Ground_Gravel.uasset" 459
"../../../UEJam_June2016/Content/StarterContent/Textures/T_ground_Moss_D.uasset" 460
"../../../UEJam_June2016/Content/StarterContent/Textures/T_Ground_Moss_N.uasset" 461
"../../../UEJam_June2016/Content/StarterContent/Materials/M_Ground_Moss.uasset" 462
"../../../UEJam_June2016/Content/StarterContent/Materials/M_Metal_Brushed_Nickel.uasset" 463
"../../../UEJam_June2016/Content/StarterContent/Textures/T_Metal_Aluminum_D.uasset" 464
"../../../UEJam_June2016/Content/StarterContent/Textures/T_Metal_Gold_N.uasset" 465
"../../../UEJam_June2016/Content/StarterContent/Materials/M_Metal_Burnished_Steel.uasset" 466
"../../../UEJam_June2016/Content/StarterContent/Materials/M_Metal_Chrome.uasset" 467
"../../../UEJam_June2016/Content/StarterContent/Textures/T_Metal_Copper_D.uasset" 468
"../../../UEJam_June2016/Content/StarterContent/Materials/M_Metal_Copper.uasset" 469
"../../../UEJam_June2016/Content/StarterContent/Textures/T_Metal_Gold_D.uasset" 470
"../../../UEJam_June2016/Content/StarterContent/Materials/M_Metal_Gold.uasset" 471
"../../../UEJam_June2016/Content/StarterContent/Textures/T_Metal_Rust_D.uasset" 472
"../../../UEJam_June2016/Content/StarterContent/Materials/M_Metal_Rust.uasset" 473
"../../../UEJam_June2016/Content/StarterContent/Textures/T_Metal_Steel_D.uasset" 474
"../../../UEJam_June2016/Content/StarterContent/Textures/T_Metal_Steel_N.uasset" 475
"../../../UEJam_June2016/Content/StarterContent/Materials/M_Metal_Steel.uasset" 476
"../../../UEJam_June2016/Content/StarterContent/Textures/T_Rock_Basalt_N.uasset" 477
"../../../UEJam_June2016/Content/StarterContent/Materials/M_Rock_Basalt.uasset" 478
"../../../UEJam_June2016/Content/StarterContent/Materials/M_Rock_Marble_Polished.uasset" 479
"../../../UEJam_June2016/Content/StarterContent/Textures/T_Rock_Sandstone_D.uasset" 480
"../../../UEJam_June2016/Content/StarterContent/Textures/T_Rock_Sandstone_N.uasset" 481
"../../../UEJam_June2016/Content/StarterContent/Materials/M_Rock_Sandstone.uasset" 482
"../../../UEJam_June2016/Content/StarterContent/Textures/T_Rock_Slate_D.uasset" 483
"../../../UEJam_June2016/Content/StarterContent/Textures/T_Rock_Slate_N.uasset" 484
"../../../UEJam_June2016/Content/StarterContent/Materials/M_Rock_Slate.uasset" 485
"../../../UEJam_June2016/Content/StarterContent/Textures/T_Checker_Noise_M.uasset" 486
"../../../UEJam_June2016/Content/StarterContent/Textures/T_Single_Tile_N.uasset" 487
"../../../UEJam_June2016/Content/StarterContent/Textures/T_Tech_Dot_M.uasset" 488
"../../../UEJam_June2016/Content/StarterContent/Textures/T_Tech_Dot_N.uasset" 489
"../../../UEJam_June2016/Content/StarterContent/Materials/M_Tech_Checker_Dot.uasset" 490
"../../../UEJam_June2016/Content/StarterContent/Textures/T_Tech_Hex_Tile_M.uasset" 491
"../../../UEJam_June2016/Content/StarterContent/Textures/T_Tech_Hex_Tile_N.uasset" 492
"../../../UEJam_June2016/Content/StarterContent/Materials/M_Tech_Hex_Tile.uasset" 493
"../../../UEJam_June2016/Content/StarterContent/Materials/M_Tech_Hex_Tile_Pulse.uasset" 494
"../../../UEJam_June2016/Content/StarterContent/Textures/T_Tech_Panel_M.uasset" 495
"../../../UEJam_June2016/Content/StarterContent/Textures/T_Tech_Panel_N.uasset" 496
"../../../UEJam_June2016/Content/StarterContent/Materials/M_Tech_Panel.uasset" 497
"../../../UEJam_June2016/Content/StarterContent/Materials/M_Water_Lake.uasset" 498
"../../../UEJam_June2016/Content/StarterContent/Textures/T_Water_M.uasset" 499
"../../../UEJam_June2016/Content/StarterContent/Materials/M_Water_Ocean.uasset" 500
"../../../UEJam_June2016/Content/StarterContent/Textures/T_Wood_Floor_Walnut_D.uasset" 501
"../../../UEJam_June2016/Content/StarterContent/Textures/T_Wood_Floor_Walnut_M.uasset" 502
"../../../UEJam_June2016/Content/StarterContent/Textures/T_Wood_Floor_Walnut_N.uasset" 503
"../../../UEJam_June2016/Content/StarterContent/Materials/M_Wood_Floor_Walnut_Polished.uasset" 504
"../../../Engine/Content/Functions/Engine_MaterialFunctions01/Opacity/AlphaOffset.uasset" 505
"../../../UEJam_June2016/Content/StarterContent/Materials/M_Wood_Floor_Walnut_Worn.uasset" 506
"../../../UEJam_June2016/Content/StarterContent/Textures/T_Wood_Oak_D.uasset" 507
"../../../UEJam_June2016/Content/StarterContent/Textures/T_Wood_Oak_N.uasset" 508
"../../../UEJam_June2016/Content/StarterContent/Materials/M_Wood_Oak.uasset" 509
"../../../UEJam_June2016/Content/StarterContent/Textures/T_Wood_Pine_D.uasset" 510
"../../../UEJam_June2016/Content/StarterContent/Textures/T_Wood_Pine_N.uasset" 511
"../../../UEJam_June2016/Content/StarterContent/Materials/M_Wood_Pine.uasset" 512
"../../../UEJam_June2016/Content/StarterContent/Textures/T_Wood_Walnut_D.uasset" 513
"../../../UEJam_June2016/Content/StarterContent/Textures/T_Wood_Walnut_N.uasset" 514
"../../../UEJam_June2016/Content/StarterContent/Materials/M_Wood_Walnut.uasset" 515
"../../../UEJam_June2016/Content/StarterContent/Architecture/Floor_400x400.uasset" 516
"../../../UEJam_June2016/Content/StarterContent/Architecture/Wall_400x200.uasset" 517
"../../../UEJam_June2016/Content/StarterContent/Architecture/Wall_Door_400x300.uasset" 518
"../../../UEJam_June2016/Content/StarterContent/Architecture/Wall_Window_400x300.uasset" 519
"../../../UEJam_June2016/Content/StarterContent/Audio/Collapse_Cue.uasset" 520
"../../../UEJam_June2016/Content/StarterContent/Audio/Starter_Background_Cue.uasset" 521
"../../../UEJam_June2016/Content/StarterContent/Audio/Starter_Music_Cue.uasset" 522
"../../../UEJam_June2016/Content/StarterContent/Textures/T_Dust_Particle_D.uasset" 523
"../../../UEJam_June2016/Content/StarterContent/Particles/Materials/M_Dust_Particle.uasset" 524
"../../../UEJam_June2016/Content/StarterContent/Particles/P_Ambient_Dust.uasset" 525
"../../../UEJam_June2016/Content/StarterContent/Props/MaterialSphere.uasset" 526
"../../../UEJam_June2016/Content/StarterContent/Props/SM_Chair.uasset" 527
"../../../UEJam_June2016/Content/StarterContent/Textures/T_Frame_M.uasset" 528
"../../../UEJam_June2016/Content/StarterContent/Textures/T_Frame_N.uasset" 529
"../../../UEJam_June2016/Content/StarterContent/Props/Materials/M_Frame.uasset" 530
"../../../UEJam_June2016/Content/StarterContent/Props/SM_CornerFrame.uasset" 531
"../../../UEJam_June2016/Content/StarterContent/Props/SM_DoorFrame.uasset" 532
"../../../UEJam_June2016/Content/StarterContent/Props/SM_GlassWindow.uasset" 533
"../../../UEJam_June2016/Content/StarterContent/Props/SM_PillarFrame.uasset" 534
"../../../UEJam_June2016/Content/StarterContent/Props/SM_PillarFrame300.uasset" 535
"../../../UEJam_June2016/Content/StarterContent/Textures/T_Statue_M.uasset" 536
"../../../UEJam_June2016/Content/StarterContent/Textures/T_Statue_N.uasset" 537
"../../../UEJam_June2016/Content/StarterContent/Props/Materials/M_Statue.uasset" 538
"../../../UEJam_June2016/Content/StarterContent/Props/Materials/M_StatueGlass.uasset" 539
"../../../UEJam_June2016/Content/StarterContent/Props/SM_Statue.uasset" 540
"../../../UEJam_June2016/Content/StarterContent/Textures/T_TableRound_M.uasset" 541
"../../../UEJam_June2016/Content/StarterContent/Textures/T_TableRound_N.uasset" 542
"../../../UEJam_June2016/Content/StarterContent/Props/Materials/M_TableRound.uasset" 543
"../../../UEJam_June2016/Content/StarterContent/Props/SM_TableRound.uasset" 544
"../../../UEJam_June2016/Content/StarterContent/Props/SM_WindowFrame.uasset" 545
"../../../UEJam_June2016/Content/StarterContent/Shapes/Shape_Cube.uasset" 546
"../../../UEJam_June2016/Content/StarterContent/Shapes/Shape_QuadPyramid.uasset" 547
"../../../UEJam_June2016/Content/StarterContent/Shapes/Shape_Sphere.uasset" 548
"../../../UEJam_June2016/Content/StarterContent/Maps/StarterMap.umap" 549
"../../../Engine/Content/EngineMaterials/DefaultNormal.uasset" 550
"../../../Engine/Content/Maps/Entry.umap" 551
"../../../UEJam_June2016/Content/2DSideScrollerBP/Blueprints/UI/Menus/MainMenu.uasset" 552
"../../../UEJam_June2016/Content/2DSideScrollerBP/Maps/MainMenu.umap" 553
"../../../UEJam_June2016/Content/2DSideScrollerBP/Blueprints/LevelGoal.uasset" 554
"../../../UEJam_June2016/Content/2DSideScrollerBP/Maps/Level_1.umap" 555
"../../../UEJam_June2016/Content/StarterContent/Maps/Minimal_Default.umap" 556
